10:04:09.444 INFO  [background-preinit]org.hibernate.validator.internal.util.Version - HV000001: Hibernate Validator 8.0.3.Final
10:04:09.541 INFO  [restartedMain]com.example.HellTrain.HellTrainApplication - Starting HellTrainApplication using Java 17.0.18 with PID 26416 (C:\java_projects\Our_Helltrain_backend\bin\main started by 佩霖 in C:\java_projects\Our_Helltrain_backend)
10:04:09.543 INFO  [restartedMain]com.example.HellTrain.HellTrainApplication - No active profile set, falling back to 1 default profile: "default"
10:04:09.626 INFO  [restartedMain]o.s.b.d.env.DevToolsPropertyDefaultsPostProcessor - Devtools property defaults active! Set 'spring.devtools.add-properties' to 'false' to disable
10:04:09.626 INFO  [restartedMain]o.s.b.d.env.DevToolsPropertyDefaultsPostProcessor - For additional web related logging consider setting the 'logging.level.web' property to 'DEBUG'
10:04:11.096 INFO  [restartedMain]o.s.d.r.config.RepositoryConfigurationDelegate - Bootstrapping Spring Data JPA repositories in DEFAULT mode.
10:04:11.144 INFO  [restartedMain]o.s.d.r.config.RepositoryConfigurationDelegate - Finished Spring Data repository scanning in 24 ms. Found 0 JPA repository interfaces.
10:04:12.148 INFO  [restartedMain]o.s.boot.web.embedded.tomcat.TomcatWebServer - Tomcat initialized with port 8080 (http)
10:04:12.185 INFO  [restartedMain]org.apache.coyote.http11.Http11NioProtocol - Initializing ProtocolHandler ["http-nio-8080"]
10:04:12.189 INFO  [restartedMain]org.apache.catalina.core.StandardService - Starting service [Tomcat]
10:04:12.189 INFO  [restartedMain]org.apache.catalina.core.StandardEngine - Starting Servlet engine: [Apache Tomcat/10.1.54]
10:04:12.289 INFO  [restartedMain]o.a.c.core.ContainerBase.[Tomcat].[localhost].[/] - Initializing Spring embedded WebApplicationContext
10:04:12.289 INFO  [restartedMain]o.s.b.w.s.c.ServletWebServerApplicationContext - Root WebApplicationContext: initialization completed in 2662 ms
10:04:12.503 INFO  [restartedMain]com.zaxxer.hikari.HikariDataSource - HikariPool-1 - Starting...
10:04:13.003 INFO  [restartedMain]com.zaxxer.hikari.pool.HikariPool - HikariPool-1 - Added connection com.mysql.cj.jdbc.ConnectionImpl@63c13f0c
10:04:13.006 INFO  [restartedMain]com.zaxxer.hikari.HikariDataSource - HikariPool-1 - Start completed.
10:04:13.022 WARN  [restartedMain]o.s.b.w.s.c.AnnotationConfigServletWebServerApplicationContext - Exception encountered during context initialization - cancelling refresh attempt: org.springframework.beans.factory.BeanCreationException: Error creating bean with name 'entityManagerFactory' defined in class path resource [org/springframework/boot/autoconfigure/orm/jpa/HibernateJpaConfiguration.class]: Failed to initialize dependency 'dataSourceScriptDatabaseInitializer' of LoadTimeWeaverAware bean 'entityManagerFactory': Error creating bean with name 'dataSourceScriptDatabaseInitializer' defined in class path resource [org/springframework/boot/autoconfigure/sql/init/DataSourceInitializationConfiguration.class]: Failed to execute database script from resource [class path resource [data-mysql.sql]]
10:04:13.023 INFO  [restartedMain]com.zaxxer.hikari.HikariDataSource - HikariPool-1 - Shutdown initiated...
10:04:13.037 INFO  [restartedMain]com.zaxxer.hikari.HikariDataSource - HikariPool-1 - Shutdown completed.
10:04:13.043 INFO  [restartedMain]org.apache.catalina.core.StandardService - Stopping service [Tomcat]
10:04:13.070 INFO  [restartedMain]o.s.b.a.logging.ConditionEvaluationReportLogger - 

Error starting ApplicationContext. To display the condition evaluation report re-run your application with 'debug' enabled.
10:04:13.109 ERROR [restartedMain]org.springframework.boot.SpringApplication - Application run failed
org.springframework.beans.factory.BeanCreationException: Error creating bean with name 'entityManagerFactory' defined in class path resource [org/springframework/boot/autoconfigure/orm/jpa/HibernateJpaConfiguration.class]: Failed to initialize dependency 'dataSourceScriptDatabaseInitializer' of LoadTimeWeaverAware bean 'entityManagerFactory': Error creating bean with name 'dataSourceScriptDatabaseInitializer' defined in class path resource [org/springframework/boot/autoconfigure/sql/init/DataSourceInitializationConfiguration.class]: Failed to execute database script from resource [class path resource [data-mysql.sql]]
	at org.springframework.beans.factory.support.AbstractBeanFactory.doGetBean(AbstractBeanFactory.java:328)
	at org.springframework.beans.factory.support.AbstractBeanFactory.getBean(AbstractBeanFactory.java:207)
	at org.springframework.context.support.AbstractApplicationContext.finishBeanFactoryInitialization(AbstractApplicationContext.java:974)
	at org.springframework.context.support.AbstractApplicationContext.refresh(AbstractApplicationContext.java:628)
	at org.springframework.boot.web.servlet.context.ServletWebServerApplicationContext.refresh(ServletWebServerApplicationContext.java:146)
	at org.springframework.boot.SpringApplication.refresh(SpringApplication.java:752)
	at org.springframework.boot.SpringApplication.refreshContext(SpringApplication.java:439)
	at org.springframework.boot.SpringApplication.run(SpringApplication.java:318)
	at org.springframework.boot.SpringApplication.run(SpringApplication.java:1361)
	at org.springframework.boot.SpringApplication.run(SpringApplication.java:1350)
	at com.example.HellTrain.HellTrainApplication.main(HellTrainApplication.java:10)
	at java.base/jdk.internal.reflect.NativeMethodAccessorImpl.invoke0(Native Method)
	at java.base/jdk.internal.reflect.NativeMethodAccessorImpl.invoke(NativeMethodAccessorImpl.java:77)
	at java.base/jdk.internal.reflect.DelegatingMethodAccessorImpl.invoke(DelegatingMethodAccessorImpl.java:43)
	at java.base/java.lang.reflect.Method.invoke(Method.java:569)
	at org.springframework.boot.devtools.restart.RestartLauncher.run(RestartLauncher.java:50)
Caused by: org.springframework.beans.factory.BeanCreationException: Error creating bean with name 'dataSourceScriptDatabaseInitializer' defined in class path resource [org/springframework/boot/autoconfigure/sql/init/DataSourceInitializationConfiguration.class]: Failed to execute database script from resource [class path resource [data-mysql.sql]]
	at org.springframework.beans.factory.support.AbstractAutowireCapableBeanFactory.initializeBean(AbstractAutowireCapableBeanFactory.java:1826)
	at org.springframework.beans.factory.support.AbstractAutowireCapableBeanFactory.doCreateBean(AbstractAutowireCapableBeanFactory.java:607)
	at org.springframework.beans.factory.support.AbstractAutowireCapableBeanFactory.createBean(AbstractAutowireCapableBeanFactory.java:529)
	at org.springframework.beans.factory.support.AbstractBeanFactory.lambda$doGetBean$0(AbstractBeanFactory.java:339)
	at org.springframework.beans.factory.support.DefaultSingletonBeanRegistry.getSingleton(DefaultSingletonBeanRegistry.java:373)
	at org.springframework.beans.factory.support.AbstractBeanFactory.doGetBean(AbstractBeanFactory.java:337)
	at org.springframework.beans.factory.support.AbstractBeanFactory.getBean(AbstractBeanFactory.java:202)
	at org.springframework.beans.factory.support.AbstractBeanFactory.doGetBean(AbstractBeanFactory.java:315)
	... 15 common frames omitted
Caused by: org.springframework.jdbc.datasource.init.UncategorizedScriptException: Failed to execute database script from resource [class path resource [data-mysql.sql]]
	at org.springframework.jdbc.datasource.init.ScriptUtils.executeSqlScript(ScriptUtils.java:316)
	at org.springframework.jdbc.datasource.init.ResourceDatabasePopulator.populate(ResourceDatabasePopulator.java:254)
	at org.springframework.jdbc.datasource.init.DatabasePopulatorUtils.execute(DatabasePopulatorUtils.java:54)
	at org.springframework.boot.jdbc.init.DataSourceScriptDatabaseInitializer.runScripts(DataSourceScriptDatabaseInitializer.java:87)
	at org.springframework.boot.sql.init.AbstractScriptDatabaseInitializer.runScripts(AbstractScriptDatabaseInitializer.java:146)
	at org.springframework.boot.sql.init.AbstractScriptDatabaseInitializer.applyScripts(AbstractScriptDatabaseInitializer.java:108)
	at org.springframework.boot.sql.init.AbstractScriptDatabaseInitializer.applyDataScripts(AbstractScriptDatabaseInitializer.java:102)
	at org.springframework.boot.sql.init.AbstractScriptDatabaseInitializer.initializeDatabase(AbstractScriptDatabaseInitializer.java:77)
	at org.springframework.boot.sql.init.AbstractScriptDatabaseInitializer.afterPropertiesSet(AbstractScriptDatabaseInitializer.java:66)
	at org.springframework.beans.factory.support.AbstractAutowireCapableBeanFactory.invokeInitMethods(AbstractAutowireCapableBeanFactory.java:1873)
	at org.springframework.beans.factory.support.AbstractAutowireCapableBeanFactory.initializeBean(AbstractAutowireCapableBeanFactory.java:1822)
	... 22 common frames omitted
Caused by: java.lang.IllegalArgumentException: 'script' must not be null or empty
	at org.springframework.util.Assert.hasText(Assert.java:253)
	at org.springframework.jdbc.datasource.init.ScriptUtils.splitSqlScript(ScriptUtils.java:496)
	at org.springframework.jdbc.datasource.init.ScriptUtils.executeSqlScript(ScriptUtils.java:252)
	... 32 common frames omitted
10:04:25.408 INFO  [background-preinit]org.hibernate.validator.internal.util.Version - HV000001: Hibernate Validator 8.0.3.Final
10:04:25.527 INFO  [restartedMain]com.example.HellTrain.HellTrainApplication - Starting HellTrainApplication using Java 17.0.18 with PID 30488 (C:\java_projects\Our_Helltrain_backend\bin\main started by 佩霖 in C:\java_projects\Our_Helltrain_backend)
10:04:25.528 INFO  [restartedMain]com.example.HellTrain.HellTrainApplication - No active profile set, falling back to 1 default profile: "default"
10:04:25.611 INFO  [restartedMain]o.s.b.d.env.DevToolsPropertyDefaultsPostProcessor - Devtools property defaults active! Set 'spring.devtools.add-properties' to 'false' to disable
10:04:25.612 INFO  [restartedMain]o.s.b.d.env.DevToolsPropertyDefaultsPostProcessor - For additional web related logging consider setting the 'logging.level.web' property to 'DEBUG'
10:04:26.800 INFO  [restartedMain]o.s.d.r.config.RepositoryConfigurationDelegate - Bootstrapping Spring Data JPA repositories in DEFAULT mode.
10:04:26.848 INFO  [restartedMain]o.s.d.r.config.RepositoryConfigurationDelegate - Finished Spring Data repository scanning in 24 ms. Found 0 JPA repository interfaces.
10:04:27.836 INFO  [restartedMain]o.s.boot.web.embedded.tomcat.TomcatWebServer - Tomcat initialized with port 8080 (http)
10:04:27.859 INFO  [restartedMain]org.apache.coyote.http11.Http11NioProtocol - Initializing ProtocolHandler ["http-nio-8080"]
10:04:27.862 INFO  [restartedMain]org.apache.catalina.core.StandardService - Starting service [Tomcat]
10:04:27.863 INFO  [restartedMain]org.apache.catalina.core.StandardEngine - Starting Servlet engine: [Apache Tomcat/10.1.54]
10:04:27.964 INFO  [restartedMain]o.a.c.core.ContainerBase.[Tomcat].[localhost].[/] - Initializing Spring embedded WebApplicationContext
10:04:27.964 INFO  [restartedMain]o.s.b.w.s.c.ServletWebServerApplicationContext - Root WebApplicationContext: initialization completed in 2351 ms
10:04:28.148 INFO  [restartedMain]com.zaxxer.hikari.HikariDataSource - HikariPool-1 - Starting...
10:04:28.459 INFO  [restartedMain]com.zaxxer.hikari.pool.HikariPool - HikariPool-1 - Added connection com.mysql.cj.jdbc.ConnectionImpl@1567802e
10:04:28.462 INFO  [restartedMain]com.zaxxer.hikari.HikariDataSource - HikariPool-1 - Start completed.
10:04:28.474 WARN  [restartedMain]o.s.b.w.s.c.AnnotationConfigServletWebServerApplicationContext - Exception encountered during context initialization - cancelling refresh attempt: org.springframework.beans.factory.BeanCreationException: Error creating bean with name 'entityManagerFactory' defined in class path resource [org/springframework/boot/autoconfigure/orm/jpa/HibernateJpaConfiguration.class]: Failed to initialize dependency 'dataSourceScriptDatabaseInitializer' of LoadTimeWeaverAware bean 'entityManagerFactory': Error creating bean with name 'dataSourceScriptDatabaseInitializer' defined in class path resource [org/springframework/boot/autoconfigure/sql/init/DataSourceInitializationConfiguration.class]: Failed to execute database script from resource [class path resource [data-mysql.sql]]
10:04:28.475 INFO  [restartedMain]com.zaxxer.hikari.HikariDataSource - HikariPool-1 - Shutdown initiated...
10:04:28.485 INFO  [restartedMain]com.zaxxer.hikari.HikariDataSource - HikariPool-1 - Shutdown completed.
10:04:28.490 INFO  [restartedMain]org.apache.catalina.core.StandardService - Stopping service [Tomcat]
10:04:28.509 INFO  [restartedMain]o.s.b.a.logging.ConditionEvaluationReportLogger - 

Error starting ApplicationContext. To display the condition evaluation report re-run your application with 'debug' enabled.
10:04:28.541 ERROR [restartedMain]org.springframework.boot.SpringApplication - Application run failed
org.springframework.beans.factory.BeanCreationException: Error creating bean with name 'entityManagerFactory' defined in class path resource [org/springframework/boot/autoconfigure/orm/jpa/HibernateJpaConfiguration.class]: Failed to initialize dependency 'dataSourceScriptDatabaseInitializer' of LoadTimeWeaverAware bean 'entityManagerFactory': Error creating bean with name 'dataSourceScriptDatabaseInitializer' defined in class path resource [org/springframework/boot/autoconfigure/sql/init/DataSourceInitializationConfiguration.class]: Failed to execute database script from resource [class path resource [data-mysql.sql]]
	at org.springframework.beans.factory.support.AbstractBeanFactory.doGetBean(AbstractBeanFactory.java:328)
	at org.springframework.beans.factory.support.AbstractBeanFactory.getBean(AbstractBeanFactory.java:207)
	at org.springframework.context.support.AbstractApplicationContext.finishBeanFactoryInitialization(AbstractApplicationContext.java:974)
	at org.springframework.context.support.AbstractApplicationContext.refresh(AbstractApplicationContext.java:628)
	at org.springframework.boot.web.servlet.context.ServletWebServerApplicationContext.refresh(ServletWebServerApplicationContext.java:146)
	at org.springframework.boot.SpringApplication.refresh(SpringApplication.java:752)
	at org.springframework.boot.SpringApplication.refreshContext(SpringApplication.java:439)
	at org.springframework.boot.SpringApplication.run(SpringApplication.java:318)
	at org.springframework.boot.SpringApplication.run(SpringApplication.java:1361)
	at org.springframework.boot.SpringApplication.run(SpringApplication.java:1350)
	at com.example.HellTrain.HellTrainApplication.main(HellTrainApplication.java:10)
	at java.base/jdk.internal.reflect.NativeMethodAccessorImpl.invoke0(Native Method)
	at java.base/jdk.internal.reflect.NativeMethodAccessorImpl.invoke(NativeMethodAccessorImpl.java:77)
	at java.base/jdk.internal.reflect.DelegatingMethodAccessorImpl.invoke(DelegatingMethodAccessorImpl.java:43)
	at java.base/java.lang.reflect.Method.invoke(Method.java:569)
	at org.springframework.boot.devtools.restart.RestartLauncher.run(RestartLauncher.java:50)
Caused by: org.springframework.beans.factory.BeanCreationException: Error creating bean with name 'dataSourceScriptDatabaseInitializer' defined in class path resource [org/springframework/boot/autoconfigure/sql/init/DataSourceInitializationConfiguration.class]: Failed to execute database script from resource [class path resource [data-mysql.sql]]
	at org.springframework.beans.factory.support.AbstractAutowireCapableBeanFactory.initializeBean(AbstractAutowireCapableBeanFactory.java:1826)
	at org.springframework.beans.factory.support.AbstractAutowireCapableBeanFactory.doCreateBean(AbstractAutowireCapableBeanFactory.java:607)
	at org.springframework.beans.factory.support.AbstractAutowireCapableBeanFactory.createBean(AbstractAutowireCapableBeanFactory.java:529)
	at org.springframework.beans.factory.support.AbstractBeanFactory.lambda$doGetBean$0(AbstractBeanFactory.java:339)
	at org.springframework.beans.factory.support.DefaultSingletonBeanRegistry.getSingleton(DefaultSingletonBeanRegistry.java:373)
	at org.springframework.beans.factory.support.AbstractBeanFactory.doGetBean(AbstractBeanFactory.java:337)
	at org.springframework.beans.factory.support.AbstractBeanFactory.getBean(AbstractBeanFactory.java:202)
	at org.springframework.beans.factory.support.AbstractBeanFactory.doGetBean(AbstractBeanFactory.java:315)
	... 15 common frames omitted
Caused by: org.springframework.jdbc.datasource.init.UncategorizedScriptException: Failed to execute database script from resource [class path resource [data-mysql.sql]]
	at org.springframework.jdbc.datasource.init.ScriptUtils.executeSqlScript(ScriptUtils.java:316)
	at org.springframework.jdbc.datasource.init.ResourceDatabasePopulator.populate(ResourceDatabasePopulator.java:254)
	at org.springframework.jdbc.datasource.init.DatabasePopulatorUtils.execute(DatabasePopulatorUtils.java:54)
	at org.springframework.boot.jdbc.init.DataSourceScriptDatabaseInitializer.runScripts(DataSourceScriptDatabaseInitializer.java:87)
	at org.springframework.boot.sql.init.AbstractScriptDatabaseInitializer.runScripts(AbstractScriptDatabaseInitializer.java:146)
	at org.springframework.boot.sql.init.AbstractScriptDatabaseInitializer.applyScripts(AbstractScriptDatabaseInitializer.java:108)
	at org.springframework.boot.sql.init.AbstractScriptDatabaseInitializer.applyDataScripts(AbstractScriptDatabaseInitializer.java:102)
	at org.springframework.boot.sql.init.AbstractScriptDatabaseInitializer.initializeDatabase(AbstractScriptDatabaseInitializer.java:77)
	at org.springframework.boot.sql.init.AbstractScriptDatabaseInitializer.afterPropertiesSet(AbstractScriptDatabaseInitializer.java:66)
	at org.springframework.beans.factory.support.AbstractAutowireCapableBeanFactory.invokeInitMethods(AbstractAutowireCapableBeanFactory.java:1873)
	at org.springframework.beans.factory.support.AbstractAutowireCapableBeanFactory.initializeBean(AbstractAutowireCapableBeanFactory.java:1822)
	... 22 common frames omitted
Caused by: java.lang.IllegalArgumentException: 'script' must not be null or empty
	at org.springframework.util.Assert.hasText(Assert.java:253)
	at org.springframework.jdbc.datasource.init.ScriptUtils.splitSqlScript(ScriptUtils.java:496)
	at org.springframework.jdbc.datasource.init.ScriptUtils.executeSqlScript(ScriptUtils.java:252)
	... 32 common frames omitted
10:17:50.363 INFO  [background-preinit]org.hibernate.validator.internal.util.Version - HV000001: Hibernate Validator 8.0.3.Final
10:17:50.460 INFO  [restartedMain]com.example.HellTrain.HellTrainApplication - Starting HellTrainApplication using Java 17.0.18 with PID 29200 (C:\java_projects\Our_Helltrain_backend\bin\main started by 佩霖 in C:\java_projects\Our_Helltrain_backend)
10:17:50.462 INFO  [restartedMain]com.example.HellTrain.HellTrainApplication - No active profile set, falling back to 1 default profile: "default"
10:17:50.538 INFO  [restartedMain]o.s.b.d.env.DevToolsPropertyDefaultsPostProcessor - Devtools property defaults active! Set 'spring.devtools.add-properties' to 'false' to disable
10:17:50.539 INFO  [restartedMain]o.s.b.d.env.DevToolsPropertyDefaultsPostProcessor - For additional web related logging consider setting the 'logging.level.web' property to 'DEBUG'
10:17:51.679 INFO  [restartedMain]o.s.d.r.config.RepositoryConfigurationDelegate - Bootstrapping Spring Data JPA repositories in DEFAULT mode.
10:17:51.794 INFO  [restartedMain]o.s.d.r.config.RepositoryConfigurationDelegate - Finished Spring Data repository scanning in 98 ms. Found 1 JPA repository interface.
10:17:52.771 INFO  [restartedMain]o.s.boot.web.embedded.tomcat.TomcatWebServer - Tomcat initialized with port 8080 (http)
10:17:52.794 INFO  [restartedMain]org.apache.coyote.http11.Http11NioProtocol - Initializing ProtocolHandler ["http-nio-8080"]
10:17:52.795 INFO  [restartedMain]org.apache.catalina.core.StandardService - Starting service [Tomcat]
10:17:52.798 INFO  [restartedMain]org.apache.catalina.core.StandardEngine - Starting Servlet engine: [Apache Tomcat/10.1.54]
10:17:52.896 INFO  [restartedMain]o.a.c.core.ContainerBase.[Tomcat].[localhost].[/] - Initializing Spring embedded WebApplicationContext
10:17:52.897 INFO  [restartedMain]o.s.b.w.s.c.ServletWebServerApplicationContext - Root WebApplicationContext: initialization completed in 2357 ms
10:17:53.073 INFO  [restartedMain]com.zaxxer.hikari.HikariDataSource - HikariPool-1 - Starting...
10:17:53.373 INFO  [restartedMain]com.zaxxer.hikari.pool.HikariPool - HikariPool-1 - Added connection com.mysql.cj.jdbc.ConnectionImpl@3868ef36
10:17:53.376 INFO  [restartedMain]com.zaxxer.hikari.HikariDataSource - HikariPool-1 - Start completed.
10:17:53.393 WARN  [restartedMain]o.s.b.w.s.c.AnnotationConfigServletWebServerApplicationContext - Exception encountered during context initialization - cancelling refresh attempt: org.springframework.beans.factory.BeanCreationException: Error creating bean with name 'entityManagerFactory' defined in class path resource [org/springframework/boot/autoconfigure/orm/jpa/HibernateJpaConfiguration.class]: Failed to initialize dependency 'dataSourceScriptDatabaseInitializer' of LoadTimeWeaverAware bean 'entityManagerFactory': Error creating bean with name 'dataSourceScriptDatabaseInitializer' defined in class path resource [org/springframework/boot/autoconfigure/sql/init/DataSourceInitializationConfiguration.class]: Failed to execute database script from resource [class path resource [data-mysql.sql]]
10:17:53.393 INFO  [restartedMain]com.zaxxer.hikari.HikariDataSource - HikariPool-1 - Shutdown initiated...
10:17:53.407 INFO  [restartedMain]com.zaxxer.hikari.HikariDataSource - HikariPool-1 - Shutdown completed.
10:17:53.413 INFO  [restartedMain]org.apache.catalina.core.StandardService - Stopping service [Tomcat]
10:17:53.435 INFO  [restartedMain]o.s.b.a.logging.ConditionEvaluationReportLogger - 

Error starting ApplicationContext. To display the condition evaluation report re-run your application with 'debug' enabled.
10:17:53.470 ERROR [restartedMain]org.springframework.boot.SpringApplication - Application run failed
org.springframework.beans.factory.BeanCreationException: Error creating bean with name 'entityManagerFactory' defined in class path resource [org/springframework/boot/autoconfigure/orm/jpa/HibernateJpaConfiguration.class]: Failed to initialize dependency 'dataSourceScriptDatabaseInitializer' of LoadTimeWeaverAware bean 'entityManagerFactory': Error creating bean with name 'dataSourceScriptDatabaseInitializer' defined in class path resource [org/springframework/boot/autoconfigure/sql/init/DataSourceInitializationConfiguration.class]: Failed to execute database script from resource [class path resource [data-mysql.sql]]
	at org.springframework.beans.factory.support.AbstractBeanFactory.doGetBean(AbstractBeanFactory.java:328)
	at org.springframework.beans.factory.support.AbstractBeanFactory.getBean(AbstractBeanFactory.java:207)
	at org.springframework.context.support.AbstractApplicationContext.finishBeanFactoryInitialization(AbstractApplicationContext.java:974)
	at org.springframework.context.support.AbstractApplicationContext.refresh(AbstractApplicationContext.java:628)
	at org.springframework.boot.web.servlet.context.ServletWebServerApplicationContext.refresh(ServletWebServerApplicationContext.java:146)
	at org.springframework.boot.SpringApplication.refresh(SpringApplication.java:752)
	at org.springframework.boot.SpringApplication.refreshContext(SpringApplication.java:439)
	at org.springframework.boot.SpringApplication.run(SpringApplication.java:318)
	at org.springframework.boot.SpringApplication.run(SpringApplication.java:1361)
	at org.springframework.boot.SpringApplication.run(SpringApplication.java:1350)
	at com.example.HellTrain.HellTrainApplication.main(HellTrainApplication.java:10)
	at java.base/jdk.internal.reflect.NativeMethodAccessorImpl.invoke0(Native Method)
	at java.base/jdk.internal.reflect.NativeMethodAccessorImpl.invoke(NativeMethodAccessorImpl.java:77)
	at java.base/jdk.internal.reflect.DelegatingMethodAccessorImpl.invoke(DelegatingMethodAccessorImpl.java:43)
	at java.base/java.lang.reflect.Method.invoke(Method.java:569)
	at org.springframework.boot.devtools.restart.RestartLauncher.run(RestartLauncher.java:50)
Caused by: org.springframework.beans.factory.BeanCreationException: Error creating bean with name 'dataSourceScriptDatabaseInitializer' defined in class path resource [org/springframework/boot/autoconfigure/sql/init/DataSourceInitializationConfiguration.class]: Failed to execute database script from resource [class path resource [data-mysql.sql]]
	at org.springframework.beans.factory.support.AbstractAutowireCapableBeanFactory.initializeBean(AbstractAutowireCapableBeanFactory.java:1826)
	at org.springframework.beans.factory.support.AbstractAutowireCapableBeanFactory.doCreateBean(AbstractAutowireCapableBeanFactory.java:607)
	at org.springframework.beans.factory.support.AbstractAutowireCapableBeanFactory.createBean(AbstractAutowireCapableBeanFactory.java:529)
	at org.springframework.beans.factory.support.AbstractBeanFactory.lambda$doGetBean$0(AbstractBeanFactory.java:339)
	at org.springframework.beans.factory.support.DefaultSingletonBeanRegistry.getSingleton(DefaultSingletonBeanRegistry.java:373)
	at org.springframework.beans.factory.support.AbstractBeanFactory.doGetBean(AbstractBeanFactory.java:337)
	at org.springframework.beans.factory.support.AbstractBeanFactory.getBean(AbstractBeanFactory.java:202)
	at org.springframework.beans.factory.support.AbstractBeanFactory.doGetBean(AbstractBeanFactory.java:315)
	... 15 common frames omitted
Caused by: org.springframework.jdbc.datasource.init.UncategorizedScriptException: Failed to execute database script from resource [class path resource [data-mysql.sql]]
	at org.springframework.jdbc.datasource.init.ScriptUtils.executeSqlScript(ScriptUtils.java:316)
	at org.springframework.jdbc.datasource.init.ResourceDatabasePopulator.populate(ResourceDatabasePopulator.java:254)
	at org.springframework.jdbc.datasource.init.DatabasePopulatorUtils.execute(DatabasePopulatorUtils.java:54)
	at org.springframework.boot.jdbc.init.DataSourceScriptDatabaseInitializer.runScripts(DataSourceScriptDatabaseInitializer.java:87)
	at org.springframework.boot.sql.init.AbstractScriptDatabaseInitializer.runScripts(AbstractScriptDatabaseInitializer.java:146)
	at org.springframework.boot.sql.init.AbstractScriptDatabaseInitializer.applyScripts(AbstractScriptDatabaseInitializer.java:108)
	at org.springframework.boot.sql.init.AbstractScriptDatabaseInitializer.applyDataScripts(AbstractScriptDatabaseInitializer.java:102)
	at org.springframework.boot.sql.init.AbstractScriptDatabaseInitializer.initializeDatabase(AbstractScriptDatabaseInitializer.java:77)
	at org.springframework.boot.sql.init.AbstractScriptDatabaseInitializer.afterPropertiesSet(AbstractScriptDatabaseInitializer.java:66)
	at org.springframework.beans.factory.support.AbstractAutowireCapableBeanFactory.invokeInitMethods(AbstractAutowireCapableBeanFactory.java:1873)
	at org.springframework.beans.factory.support.AbstractAutowireCapableBeanFactory.initializeBean(AbstractAutowireCapableBeanFactory.java:1822)
	... 22 common frames omitted
Caused by: java.lang.IllegalArgumentException: 'script' must not be null or empty
	at org.springframework.util.Assert.hasText(Assert.java:253)
	at org.springframework.jdbc.datasource.init.ScriptUtils.splitSqlScript(ScriptUtils.java:496)
	at org.springframework.jdbc.datasource.init.ScriptUtils.executeSqlScript(ScriptUtils.java:252)
	... 32 common frames omitted
10:28:13.593 INFO  [background-preinit]org.hibernate.validator.internal.util.Version - HV000001: Hibernate Validator 8.0.3.Final
10:28:13.679 INFO  [restartedMain]com.example.HellTrain.HellTrainApplication - Starting HellTrainApplication using Java 17.0.18 with PID 25464 (C:\java_projects\Our_Helltrain_backend\bin\main started by 佩霖 in C:\java_projects\Our_Helltrain_backend)
10:28:13.681 INFO  [restartedMain]com.example.HellTrain.HellTrainApplication - No active profile set, falling back to 1 default profile: "default"
10:28:13.752 INFO  [restartedMain]o.s.b.d.env.DevToolsPropertyDefaultsPostProcessor - Devtools property defaults active! Set 'spring.devtools.add-properties' to 'false' to disable
10:28:13.752 INFO  [restartedMain]o.s.b.d.env.DevToolsPropertyDefaultsPostProcessor - For additional web related logging consider setting the 'logging.level.web' property to 'DEBUG'
10:28:14.858 INFO  [restartedMain]o.s.d.r.config.RepositoryConfigurationDelegate - Bootstrapping Spring Data JPA repositories in DEFAULT mode.
10:28:14.961 INFO  [restartedMain]o.s.d.r.config.RepositoryConfigurationDelegate - Finished Spring Data repository scanning in 86 ms. Found 1 JPA repository interface.
10:28:15.932 INFO  [restartedMain]o.s.boot.web.embedded.tomcat.TomcatWebServer - Tomcat initialized with port 8080 (http)
10:28:15.953 INFO  [restartedMain]org.apache.coyote.http11.Http11NioProtocol - Initializing ProtocolHandler ["http-nio-8080"]
10:28:15.956 INFO  [restartedMain]org.apache.catalina.core.StandardService - Starting service [Tomcat]
10:28:15.956 INFO  [restartedMain]org.apache.catalina.core.StandardEngine - Starting Servlet engine: [Apache Tomcat/10.1.54]
10:28:16.047 INFO  [restartedMain]o.a.c.core.ContainerBase.[Tomcat].[localhost].[/] - Initializing Spring embedded WebApplicationContext
10:28:16.048 INFO  [restartedMain]o.s.b.w.s.c.ServletWebServerApplicationContext - Root WebApplicationContext: initialization completed in 2296 ms
10:28:16.280 INFO  [restartedMain]com.zaxxer.hikari.HikariDataSource - HikariPool-1 - Starting...
10:28:16.557 INFO  [restartedMain]com.zaxxer.hikari.pool.HikariPool - HikariPool-1 - Added connection com.mysql.cj.jdbc.ConnectionImpl@13218ee7
10:28:16.560 INFO  [restartedMain]com.zaxxer.hikari.HikariDataSource - HikariPool-1 - Start completed.
10:28:16.616 INFO  [restartedMain]org.hibernate.jpa.internal.util.LogHelper - HHH000204: Processing PersistenceUnitInfo [name: default]
10:28:16.708 INFO  [restartedMain]org.hibernate.Version - HHH000412: Hibernate ORM core version 6.6.49.Final
10:28:16.766 INFO  [restartedMain]o.hibernate.cache.internal.RegionFactoryInitiator - HHH000026: Second-level cache disabled
10:28:17.225 INFO  [restartedMain]o.s.o.j.persistenceunit.SpringPersistenceUnitInfo - No LoadTimeWeaver setup: ignoring JPA class transformer
10:28:17.393 INFO  [restartedMain]org.hibernate.orm.connections.pooling - HHH10001005: Database info:
	Database JDBC URL [Connecting through datasource 'HikariDataSource (HikariPool-1)']
	Database driver: undefined/unknown
	Database version: 8.0.45
	Autocommit mode: undefined/unknown
	Isolation level: undefined/unknown
	Minimum pool size: undefined/unknown
	Maximum pool size: undefined/unknown
10:28:17.902 WARN  [restartedMain]org.hibernate.mapping.RootClass - HHH000038: Composite-id class does not override equals(): com.example.HellTrain.entity.Violation
10:28:17.902 WARN  [restartedMain]org.hibernate.mapping.RootClass - HHH000039: Composite-id class does not override hashCode(): com.example.HellTrain.entity.Violation
10:28:18.766 INFO  [restartedMain]o.h.e.t.jta.platform.internal.JtaPlatformInitiator - HHH000489: No JTA platform available (set 'hibernate.transaction.jta.platform' to enable JTA platform integration)
10:28:18.770 INFO  [restartedMain]o.s.orm.jpa.LocalContainerEntityManagerFactoryBean - Initialized JPA EntityManagerFactory for persistence unit 'default'
10:28:19.125 INFO  [restartedMain]o.s.data.jpa.repository.query.QueryEnhancerFactory - Hibernate is in classpath; If applicable, HQL parser will be used.
10:28:19.197 WARN  [restartedMain]o.s.b.a.o.j.JpaBaseConfiguration$JpaWebConfiguration - spring.jpa.open-in-view is enabled by default. Therefore, database queries may be performed during view rendering. Explicitly configure spring.jpa.open-in-view to disable this warning
10:28:19.687 INFO  [restartedMain]o.s.b.d.autoconfigure.OptionalLiveReloadServer - LiveReload server is running on port 35729
10:28:19.706 INFO  [restartedMain]org.apache.coyote.http11.Http11NioProtocol - Starting ProtocolHandler ["http-nio-8080"]
10:28:19.739 INFO  [restartedMain]o.s.boot.web.embedded.tomcat.TomcatWebServer - Tomcat started on port 8080 (http) with context path '/'
10:28:19.753 INFO  [restartedMain]com.example.HellTrain.HellTrainApplication - Started HellTrainApplication in 6.967 seconds (process running for 7.692)
10:31:58.084 INFO  [background-preinit]org.hibernate.validator.internal.util.Version - HV000001: Hibernate Validator 8.0.3.Final
10:31:58.178 INFO  [restartedMain]com.example.HellTrain.HellTrainApplication - Starting HellTrainApplication using Java 17.0.18 with PID 6020 (C:\java_projects\Our_Helltrain_backend\bin\main started by 佩霖 in C:\java_projects\Our_Helltrain_backend)
10:31:58.180 INFO  [restartedMain]com.example.HellTrain.HellTrainApplication - No active profile set, falling back to 1 default profile: "default"
10:31:58.251 INFO  [restartedMain]o.s.b.d.env.DevToolsPropertyDefaultsPostProcessor - Devtools property defaults active! Set 'spring.devtools.add-properties' to 'false' to disable
10:31:58.252 INFO  [restartedMain]o.s.b.d.env.DevToolsPropertyDefaultsPostProcessor - For additional web related logging consider setting the 'logging.level.web' property to 'DEBUG'
10:31:59.305 INFO  [restartedMain]o.s.d.r.config.RepositoryConfigurationDelegate - Bootstrapping Spring Data JPA repositories in DEFAULT mode.
10:31:59.401 INFO  [restartedMain]o.s.d.r.config.RepositoryConfigurationDelegate - Finished Spring Data repository scanning in 80 ms. Found 1 JPA repository interface.
10:32:00.324 INFO  [restartedMain]o.s.boot.web.embedded.tomcat.TomcatWebServer - Tomcat initialized with port 8080 (http)
10:32:00.343 INFO  [restartedMain]org.apache.coyote.http11.Http11NioProtocol - Initializing ProtocolHandler ["http-nio-8080"]
10:32:00.346 INFO  [restartedMain]org.apache.catalina.core.StandardService - Starting service [Tomcat]
10:32:00.347 INFO  [restartedMain]org.apache.catalina.core.StandardEngine - Starting Servlet engine: [Apache Tomcat/10.1.54]
10:32:00.436 INFO  [restartedMain]o.a.c.core.ContainerBase.[Tomcat].[localhost].[/] - Initializing Spring embedded WebApplicationContext
10:32:00.437 INFO  [restartedMain]o.s.b.w.s.c.ServletWebServerApplicationContext - Root WebApplicationContext: initialization completed in 2184 ms
10:32:00.670 INFO  [restartedMain]com.zaxxer.hikari.HikariDataSource - HikariPool-1 - Starting...
10:32:00.965 INFO  [restartedMain]com.zaxxer.hikari.pool.HikariPool - HikariPool-1 - Added connection com.mysql.cj.jdbc.ConnectionImpl@13218ee7
10:32:00.967 INFO  [restartedMain]com.zaxxer.hikari.HikariDataSource - HikariPool-1 - Start completed.
10:32:01.031 INFO  [restartedMain]org.hibernate.jpa.internal.util.LogHelper - HHH000204: Processing PersistenceUnitInfo [name: default]
10:32:01.119 INFO  [restartedMain]org.hibernate.Version - HHH000412: Hibernate ORM core version 6.6.49.Final
10:32:01.177 INFO  [restartedMain]o.hibernate.cache.internal.RegionFactoryInitiator - HHH000026: Second-level cache disabled
10:32:01.670 INFO  [restartedMain]o.s.o.j.persistenceunit.SpringPersistenceUnitInfo - No LoadTimeWeaver setup: ignoring JPA class transformer
10:32:01.849 INFO  [restartedMain]org.hibernate.orm.connections.pooling - HHH10001005: Database info:
	Database JDBC URL [Connecting through datasource 'HikariDataSource (HikariPool-1)']
	Database driver: undefined/unknown
	Database version: 8.0.45
	Autocommit mode: undefined/unknown
	Isolation level: undefined/unknown
	Minimum pool size: undefined/unknown
	Maximum pool size: undefined/unknown
10:32:02.364 WARN  [restartedMain]org.hibernate.mapping.RootClass - HHH000038: Composite-id class does not override equals(): com.example.HellTrain.entity.Violation
10:32:02.364 WARN  [restartedMain]org.hibernate.mapping.RootClass - HHH000039: Composite-id class does not override hashCode(): com.example.HellTrain.entity.Violation
10:32:03.290 INFO  [restartedMain]o.h.e.t.jta.platform.internal.JtaPlatformInitiator - HHH000489: No JTA platform available (set 'hibernate.transaction.jta.platform' to enable JTA platform integration)
10:32:03.294 INFO  [restartedMain]o.s.orm.jpa.LocalContainerEntityManagerFactoryBean - Initialized JPA EntityManagerFactory for persistence unit 'default'
10:32:03.640 INFO  [restartedMain]o.s.data.jpa.repository.query.QueryEnhancerFactory - Hibernate is in classpath; If applicable, HQL parser will be used.
10:32:03.713 WARN  [restartedMain]o.s.b.a.o.j.JpaBaseConfiguration$JpaWebConfiguration - spring.jpa.open-in-view is enabled by default. Therefore, database queries may be performed during view rendering. Explicitly configure spring.jpa.open-in-view to disable this warning
10:32:04.187 INFO  [restartedMain]o.s.b.d.autoconfigure.OptionalLiveReloadServer - LiveReload server is running on port 35729
10:32:04.216 INFO  [restartedMain]org.apache.coyote.http11.Http11NioProtocol - Starting ProtocolHandler ["http-nio-8080"]
10:32:04.247 INFO  [restartedMain]o.s.boot.web.embedded.tomcat.TomcatWebServer - Tomcat started on port 8080 (http) with context path '/'
10:32:04.261 INFO  [restartedMain]com.example.HellTrain.HellTrainApplication - Started HellTrainApplication in 7.001 seconds (process running for 7.763)
10:32:21.839 INFO  [background-preinit]org.hibernate.validator.internal.util.Version - HV000001: Hibernate Validator 8.0.3.Final
10:32:21.993 INFO  [restartedMain]com.example.HellTrain.HellTrainApplication - Starting HellTrainApplication using Java 17.0.18 with PID 22692 (C:\java_projects\Our_Helltrain_backend\bin\main started by 佩霖 in C:\java_projects\Our_Helltrain_backend)
10:32:21.994 INFO  [restartedMain]com.example.HellTrain.HellTrainApplication - No active profile set, falling back to 1 default profile: "default"
10:32:22.082 INFO  [restartedMain]o.s.b.d.env.DevToolsPropertyDefaultsPostProcessor - Devtools property defaults active! Set 'spring.devtools.add-properties' to 'false' to disable
10:32:22.082 INFO  [restartedMain]o.s.b.d.env.DevToolsPropertyDefaultsPostProcessor - For additional web related logging consider setting the 'logging.level.web' property to 'DEBUG'
10:32:23.476 INFO  [restartedMain]o.s.d.r.config.RepositoryConfigurationDelegate - Bootstrapping Spring Data JPA repositories in DEFAULT mode.
10:32:23.597 INFO  [restartedMain]o.s.d.r.config.RepositoryConfigurationDelegate - Finished Spring Data repository scanning in 99 ms. Found 1 JPA repository interface.
10:32:24.955 INFO  [restartedMain]o.s.boot.web.embedded.tomcat.TomcatWebServer - Tomcat initialized with port 8080 (http)
10:32:24.996 INFO  [restartedMain]org.apache.coyote.http11.Http11NioProtocol - Initializing ProtocolHandler ["http-nio-8080"]
10:32:25.003 INFO  [restartedMain]org.apache.catalina.core.StandardService - Starting service [Tomcat]
10:32:25.004 INFO  [restartedMain]org.apache.catalina.core.StandardEngine - Starting Servlet engine: [Apache Tomcat/10.1.54]
10:32:25.137 INFO  [restartedMain]o.a.c.core.ContainerBase.[Tomcat].[localhost].[/] - Initializing Spring embedded WebApplicationContext
10:32:25.138 INFO  [restartedMain]o.s.b.w.s.c.ServletWebServerApplicationContext - Root WebApplicationContext: initialization completed in 3055 ms
10:32:25.483 INFO  [restartedMain]com.zaxxer.hikari.HikariDataSource - HikariPool-1 - Starting...
10:32:25.999 INFO  [restartedMain]com.zaxxer.hikari.pool.HikariPool - HikariPool-1 - Added connection com.mysql.cj.jdbc.ConnectionImpl@6d40bef8
10:32:26.004 INFO  [restartedMain]com.zaxxer.hikari.HikariDataSource - HikariPool-1 - Start completed.
10:32:26.105 INFO  [restartedMain]org.hibernate.jpa.internal.util.LogHelper - HHH000204: Processing PersistenceUnitInfo [name: default]
10:32:26.246 INFO  [restartedMain]org.hibernate.Version - HHH000412: Hibernate ORM core version 6.6.49.Final
10:32:26.351 INFO  [restartedMain]o.hibernate.cache.internal.RegionFactoryInitiator - HHH000026: Second-level cache disabled
10:32:27.103 INFO  [restartedMain]o.s.o.j.persistenceunit.SpringPersistenceUnitInfo - No LoadTimeWeaver setup: ignoring JPA class transformer
10:32:27.359 INFO  [restartedMain]org.hibernate.orm.connections.pooling - HHH10001005: Database info:
	Database JDBC URL [Connecting through datasource 'HikariDataSource (HikariPool-1)']
	Database driver: undefined/unknown
	Database version: 8.0.45
	Autocommit mode: undefined/unknown
	Isolation level: undefined/unknown
	Minimum pool size: undefined/unknown
	Maximum pool size: undefined/unknown
10:32:28.135 WARN  [restartedMain]org.hibernate.mapping.RootClass - HHH000038: Composite-id class does not override equals(): com.example.HellTrain.entity.Violation
10:32:28.135 WARN  [restartedMain]org.hibernate.mapping.RootClass - HHH000039: Composite-id class does not override hashCode(): com.example.HellTrain.entity.Violation
10:32:29.566 INFO  [restartedMain]o.h.e.t.jta.platform.internal.JtaPlatformInitiator - HHH000489: No JTA platform available (set 'hibernate.transaction.jta.platform' to enable JTA platform integration)
10:32:29.572 INFO  [restartedMain]o.s.orm.jpa.LocalContainerEntityManagerFactoryBean - Initialized JPA EntityManagerFactory for persistence unit 'default'
10:32:30.042 INFO  [restartedMain]o.s.data.jpa.repository.query.QueryEnhancerFactory - Hibernate is in classpath; If applicable, HQL parser will be used.
10:32:30.136 WARN  [restartedMain]o.s.b.a.o.j.JpaBaseConfiguration$JpaWebConfiguration - spring.jpa.open-in-view is enabled by default. Therefore, database queries may be performed during view rendering. Explicitly configure spring.jpa.open-in-view to disable this warning
10:32:30.793 WARN  [restartedMain]o.s.b.d.autoconfigure.OptionalLiveReloadServer - Unable to start LiveReload server
10:32:30.813 INFO  [restartedMain]org.apache.coyote.http11.Http11NioProtocol - Starting ProtocolHandler ["http-nio-8080"]
10:32:30.822 WARN  [restartedMain]o.s.b.w.s.c.AnnotationConfigServletWebServerApplicationContext - Exception encountered during context initialization - cancelling refresh attempt: org.springframework.context.ApplicationContextException: Failed to start bean 'webServerStartStop'
10:32:30.824 INFO  [restartedMain]o.s.orm.jpa.LocalContainerEntityManagerFactoryBean - Closing JPA EntityManagerFactory for persistence unit 'default'
10:32:30.830 INFO  [restartedMain]com.zaxxer.hikari.HikariDataSource - HikariPool-1 - Shutdown initiated...
10:32:30.842 INFO  [restartedMain]com.zaxxer.hikari.HikariDataSource - HikariPool-1 - Shutdown completed.
10:32:30.864 INFO  [restartedMain]o.s.b.a.logging.ConditionEvaluationReportLogger - 

Error starting ApplicationContext. To display the condition evaluation report re-run your application with 'debug' enabled.
10:32:30.906 ERROR [restartedMain]o.s.b.diagnostics.LoggingFailureAnalysisReporter - 

***************************
APPLICATION FAILED TO START
***************************

Description:

Web server failed to start. Port 8080 was already in use.

Action:

Identify and stop the process that's listening on port 8080 or configure this application to listen on another port.

10:36:53.377 INFO  [background-preinit]org.hibernate.validator.internal.util.Version - HV000001: Hibernate Validator 8.0.3.Final
10:36:53.477 INFO  [restartedMain]com.example.HellTrain.HellTrainApplication - Starting HellTrainApplication using Java 17.0.18 with PID 27376 (C:\java_projects\Our_Helltrain_backend\bin\main started by 佩霖 in C:\java_projects\Our_Helltrain_backend)
10:36:53.479 INFO  [restartedMain]com.example.HellTrain.HellTrainApplication - No active profile set, falling back to 1 default profile: "default"
10:36:53.559 INFO  [restartedMain]o.s.b.d.env.DevToolsPropertyDefaultsPostProcessor - Devtools property defaults active! Set 'spring.devtools.add-properties' to 'false' to disable
10:36:53.559 INFO  [restartedMain]o.s.b.d.env.DevToolsPropertyDefaultsPostProcessor - For additional web related logging consider setting the 'logging.level.web' property to 'DEBUG'
10:36:54.809 INFO  [restartedMain]o.s.d.r.config.RepositoryConfigurationDelegate - Bootstrapping Spring Data JPA repositories in DEFAULT mode.
10:36:54.923 INFO  [restartedMain]o.s.d.r.config.RepositoryConfigurationDelegate - Finished Spring Data repository scanning in 91 ms. Found 1 JPA repository interface.
10:36:55.928 INFO  [restartedMain]o.s.boot.web.embedded.tomcat.TomcatWebServer - Tomcat initialized with port 8080 (http)
10:36:55.951 INFO  [restartedMain]org.apache.coyote.http11.Http11NioProtocol - Initializing ProtocolHandler ["http-nio-8080"]
10:36:55.955 INFO  [restartedMain]org.apache.catalina.core.StandardService - Starting service [Tomcat]
10:36:55.955 INFO  [restartedMain]org.apache.catalina.core.StandardEngine - Starting Servlet engine: [Apache Tomcat/10.1.54]
10:36:56.056 INFO  [restartedMain]o.a.c.core.ContainerBase.[Tomcat].[localhost].[/] - Initializing Spring embedded WebApplicationContext
10:36:56.057 INFO  [restartedMain]o.s.b.w.s.c.ServletWebServerApplicationContext - Root WebApplicationContext: initialization completed in 2497 ms
10:36:56.305 INFO  [restartedMain]com.zaxxer.hikari.HikariDataSource - HikariPool-1 - Starting...
10:36:56.628 INFO  [restartedMain]com.zaxxer.hikari.pool.HikariPool - HikariPool-1 - Added connection com.mysql.cj.jdbc.ConnectionImpl@35e275b7
10:36:56.632 INFO  [restartedMain]com.zaxxer.hikari.HikariDataSource - HikariPool-1 - Start completed.
10:36:56.700 INFO  [restartedMain]org.hibernate.jpa.internal.util.LogHelper - HHH000204: Processing PersistenceUnitInfo [name: default]
10:36:56.821 INFO  [restartedMain]org.hibernate.Version - HHH000412: Hibernate ORM core version 6.6.49.Final
10:36:56.895 INFO  [restartedMain]o.hibernate.cache.internal.RegionFactoryInitiator - HHH000026: Second-level cache disabled
10:36:57.412 INFO  [restartedMain]o.s.o.j.persistenceunit.SpringPersistenceUnitInfo - No LoadTimeWeaver setup: ignoring JPA class transformer
10:36:57.600 INFO  [restartedMain]org.hibernate.orm.connections.pooling - HHH10001005: Database info:
	Database JDBC URL [Connecting through datasource 'HikariDataSource (HikariPool-1)']
	Database driver: undefined/unknown
	Database version: 8.0.45
	Autocommit mode: undefined/unknown
	Isolation level: undefined/unknown
	Minimum pool size: undefined/unknown
	Maximum pool size: undefined/unknown
10:36:58.202 WARN  [restartedMain]org.hibernate.mapping.RootClass - HHH000038: Composite-id class does not override equals(): com.example.HellTrain.entity.Violation
10:36:58.203 WARN  [restartedMain]org.hibernate.mapping.RootClass - HHH000039: Composite-id class does not override hashCode(): com.example.HellTrain.entity.Violation
10:36:59.287 INFO  [restartedMain]o.h.e.t.jta.platform.internal.JtaPlatformInitiator - HHH000489: No JTA platform available (set 'hibernate.transaction.jta.platform' to enable JTA platform integration)
10:36:59.292 INFO  [restartedMain]o.s.orm.jpa.LocalContainerEntityManagerFactoryBean - Initialized JPA EntityManagerFactory for persistence unit 'default'
10:38:41.816 INFO  [background-preinit]org.hibernate.validator.internal.util.Version - HV000001: Hibernate Validator 8.0.3.Final
10:38:41.907 INFO  [restartedMain]com.example.HellTrain.HellTrainApplication - Starting HellTrainApplication using Java 17.0.18 with PID 26964 (C:\java_projects\Our_Helltrain_backend\bin\main started by 佩霖 in C:\java_projects\Our_Helltrain_backend)
10:38:41.909 INFO  [restartedMain]com.example.HellTrain.HellTrainApplication - No active profile set, falling back to 1 default profile: "default"
10:38:41.987 INFO  [restartedMain]o.s.b.d.env.DevToolsPropertyDefaultsPostProcessor - Devtools property defaults active! Set 'spring.devtools.add-properties' to 'false' to disable
10:38:41.988 INFO  [restartedMain]o.s.b.d.env.DevToolsPropertyDefaultsPostProcessor - For additional web related logging consider setting the 'logging.level.web' property to 'DEBUG'
10:38:43.157 INFO  [restartedMain]o.s.d.r.config.RepositoryConfigurationDelegate - Bootstrapping Spring Data JPA repositories in DEFAULT mode.
10:38:43.257 INFO  [restartedMain]o.s.d.r.config.RepositoryConfigurationDelegate - Finished Spring Data repository scanning in 84 ms. Found 1 JPA repository interface.
10:38:44.198 INFO  [restartedMain]o.s.boot.web.embedded.tomcat.TomcatWebServer - Tomcat initialized with port 8080 (http)
10:38:44.217 INFO  [restartedMain]org.apache.coyote.http11.Http11NioProtocol - Initializing ProtocolHandler ["http-nio-8080"]
10:38:44.220 INFO  [restartedMain]org.apache.catalina.core.StandardService - Starting service [Tomcat]
10:38:44.220 INFO  [restartedMain]org.apache.catalina.core.StandardEngine - Starting Servlet engine: [Apache Tomcat/10.1.54]
10:38:44.314 INFO  [restartedMain]o.a.c.core.ContainerBase.[Tomcat].[localhost].[/] - Initializing Spring embedded WebApplicationContext
10:38:44.315 INFO  [restartedMain]o.s.b.w.s.c.ServletWebServerApplicationContext - Root WebApplicationContext: initialization completed in 2326 ms
10:38:44.542 INFO  [restartedMain]com.zaxxer.hikari.HikariDataSource - HikariPool-1 - Starting...
10:38:44.814 INFO  [restartedMain]com.zaxxer.hikari.pool.HikariPool - HikariPool-1 - Added connection com.mysql.cj.jdbc.ConnectionImpl@13218ee7
10:38:44.817 INFO  [restartedMain]com.zaxxer.hikari.HikariDataSource - HikariPool-1 - Start completed.
10:38:44.883 INFO  [restartedMain]org.hibernate.jpa.internal.util.LogHelper - HHH000204: Processing PersistenceUnitInfo [name: default]
10:38:44.974 INFO  [restartedMain]org.hibernate.Version - HHH000412: Hibernate ORM core version 6.6.49.Final
10:38:45.032 INFO  [restartedMain]o.hibernate.cache.internal.RegionFactoryInitiator - HHH000026: Second-level cache disabled
10:38:45.517 INFO  [restartedMain]o.s.o.j.persistenceunit.SpringPersistenceUnitInfo - No LoadTimeWeaver setup: ignoring JPA class transformer
10:38:45.680 INFO  [restartedMain]org.hibernate.orm.connections.pooling - HHH10001005: Database info:
	Database JDBC URL [Connecting through datasource 'HikariDataSource (HikariPool-1)']
	Database driver: undefined/unknown
	Database version: 8.0.45
	Autocommit mode: undefined/unknown
	Isolation level: undefined/unknown
	Minimum pool size: undefined/unknown
	Maximum pool size: undefined/unknown
10:38:46.185 WARN  [restartedMain]org.hibernate.mapping.RootClass - HHH000038: Composite-id class does not override equals(): com.example.HellTrain.entity.Violation
10:38:46.186 WARN  [restartedMain]org.hibernate.mapping.RootClass - HHH000039: Composite-id class does not override hashCode(): com.example.HellTrain.entity.Violation
10:38:47.126 INFO  [restartedMain]o.h.e.t.jta.platform.internal.JtaPlatformInitiator - HHH000489: No JTA platform available (set 'hibernate.transaction.jta.platform' to enable JTA platform integration)
10:38:47.131 INFO  [restartedMain]o.s.orm.jpa.LocalContainerEntityManagerFactoryBean - Initialized JPA EntityManagerFactory for persistence unit 'default'
10:38:47.508 INFO  [restartedMain]o.s.data.jpa.repository.query.QueryEnhancerFactory - Hibernate is in classpath; If applicable, HQL parser will be used.
10:38:47.582 WARN  [restartedMain]o.s.b.a.o.j.JpaBaseConfiguration$JpaWebConfiguration - spring.jpa.open-in-view is enabled by default. Therefore, database queries may be performed during view rendering. Explicitly configure spring.jpa.open-in-view to disable this warning
10:38:48.095 INFO  [restartedMain]o.s.b.d.autoconfigure.OptionalLiveReloadServer - LiveReload server is running on port 35729
10:38:48.116 INFO  [restartedMain]org.apache.coyote.http11.Http11NioProtocol - Starting ProtocolHandler ["http-nio-8080"]
10:38:48.152 INFO  [restartedMain]o.s.boot.web.embedded.tomcat.TomcatWebServer - Tomcat started on port 8080 (http) with context path '/'
10:38:48.167 INFO  [restartedMain]com.example.HellTrain.HellTrainApplication - Started HellTrainApplication in 7.175 seconds (process running for 7.999)
10:40:07.239 INFO  [background-preinit]org.hibernate.validator.internal.util.Version - HV000001: Hibernate Validator 8.0.3.Final
10:40:07.333 INFO  [restartedMain]com.example.HellTrain.HellTrainApplication - Starting HellTrainApplication using Java 17.0.18 with PID 14232 (C:\java_projects\Our_Helltrain_backend\bin\main started by 佩霖 in C:\java_projects\Our_Helltrain_backend)
10:40:07.334 INFO  [restartedMain]com.example.HellTrain.HellTrainApplication - No active profile set, falling back to 1 default profile: "default"
10:40:07.407 INFO  [restartedMain]o.s.b.d.env.DevToolsPropertyDefaultsPostProcessor - Devtools property defaults active! Set 'spring.devtools.add-properties' to 'false' to disable
10:40:07.408 INFO  [restartedMain]o.s.b.d.env.DevToolsPropertyDefaultsPostProcessor - For additional web related logging consider setting the 'logging.level.web' property to 'DEBUG'
10:40:08.533 INFO  [restartedMain]o.s.d.r.config.RepositoryConfigurationDelegate - Bootstrapping Spring Data JPA repositories in DEFAULT mode.
10:40:08.633 INFO  [restartedMain]o.s.d.r.config.RepositoryConfigurationDelegate - Finished Spring Data repository scanning in 85 ms. Found 1 JPA repository interface.
10:40:09.600 INFO  [restartedMain]o.s.boot.web.embedded.tomcat.TomcatWebServer - Tomcat initialized with port 8080 (http)
10:40:09.622 INFO  [restartedMain]org.apache.coyote.http11.Http11NioProtocol - Initializing ProtocolHandler ["http-nio-8080"]
10:40:09.625 INFO  [restartedMain]org.apache.catalina.core.StandardService - Starting service [Tomcat]
10:40:09.626 INFO  [restartedMain]org.apache.catalina.core.StandardEngine - Starting Servlet engine: [Apache Tomcat/10.1.54]
10:40:09.795 INFO  [restartedMain]o.a.c.core.ContainerBase.[Tomcat].[localhost].[/] - Initializing Spring embedded WebApplicationContext
10:40:09.795 INFO  [restartedMain]o.s.b.w.s.c.ServletWebServerApplicationContext - Root WebApplicationContext: initialization completed in 2387 ms
10:40:10.019 INFO  [restartedMain]com.zaxxer.hikari.HikariDataSource - HikariPool-1 - Starting...
10:40:10.309 INFO  [restartedMain]com.zaxxer.hikari.pool.HikariPool - HikariPool-1 - Added connection com.mysql.cj.jdbc.ConnectionImpl@50834faf
10:40:10.312 INFO  [restartedMain]com.zaxxer.hikari.HikariDataSource - HikariPool-1 - Start completed.
10:40:10.383 INFO  [restartedMain]org.hibernate.jpa.internal.util.LogHelper - HHH000204: Processing PersistenceUnitInfo [name: default]
10:40:10.495 INFO  [restartedMain]org.hibernate.Version - HHH000412: Hibernate ORM core version 6.6.49.Final
10:40:10.554 INFO  [restartedMain]o.hibernate.cache.internal.RegionFactoryInitiator - HHH000026: Second-level cache disabled
10:40:11.089 INFO  [restartedMain]o.s.o.j.persistenceunit.SpringPersistenceUnitInfo - No LoadTimeWeaver setup: ignoring JPA class transformer
10:40:11.251 INFO  [restartedMain]org.hibernate.orm.connections.pooling - HHH10001005: Database info:
	Database JDBC URL [Connecting through datasource 'HikariDataSource (HikariPool-1)']
	Database driver: undefined/unknown
	Database version: 8.0.45
	Autocommit mode: undefined/unknown
	Isolation level: undefined/unknown
	Minimum pool size: undefined/unknown
	Maximum pool size: undefined/unknown
10:40:11.932 WARN  [restartedMain]org.hibernate.mapping.RootClass - HHH000038: Composite-id class does not override equals(): com.example.HellTrain.entity.Violation
10:40:11.933 WARN  [restartedMain]org.hibernate.mapping.RootClass - HHH000039: Composite-id class does not override hashCode(): com.example.HellTrain.entity.Violation
10:40:13.088 INFO  [restartedMain]o.h.e.t.jta.platform.internal.JtaPlatformInitiator - HHH000489: No JTA platform available (set 'hibernate.transaction.jta.platform' to enable JTA platform integration)
10:40:13.093 INFO  [restartedMain]o.s.orm.jpa.LocalContainerEntityManagerFactoryBean - Initialized JPA EntityManagerFactory for persistence unit 'default'
10:40:13.541 INFO  [restartedMain]o.s.data.jpa.repository.query.QueryEnhancerFactory - Hibernate is in classpath; If applicable, HQL parser will be used.
10:40:13.629 WARN  [restartedMain]o.s.b.a.o.j.JpaBaseConfiguration$JpaWebConfiguration - spring.jpa.open-in-view is enabled by default. Therefore, database queries may be performed during view rendering. Explicitly configure spring.jpa.open-in-view to disable this warning
10:40:14.251 INFO  [restartedMain]o.s.b.d.autoconfigure.OptionalLiveReloadServer - LiveReload server is running on port 35729
10:40:14.275 INFO  [restartedMain]org.apache.coyote.http11.Http11NioProtocol - Starting ProtocolHandler ["http-nio-8080"]
10:40:14.309 INFO  [restartedMain]o.s.boot.web.embedded.tomcat.TomcatWebServer - Tomcat started on port 8080 (http) with context path '/'
10:40:14.326 INFO  [restartedMain]com.example.HellTrain.HellTrainApplication - Started HellTrainApplication in 7.916 seconds (process running for 8.701)
10:49:56.030 INFO  [background-preinit]org.hibernate.validator.internal.util.Version - HV000001: Hibernate Validator 8.0.3.Final
10:49:56.134 INFO  [restartedMain]com.example.HellTrain.HellTrainApplication - Starting HellTrainApplication using Java 17.0.18 with PID 1840 (C:\java_projects\Our_Helltrain_backend\bin\main started by 佩霖 in C:\java_projects\Our_Helltrain_backend)
10:49:56.136 INFO  [restartedMain]com.example.HellTrain.HellTrainApplication - No active profile set, falling back to 1 default profile: "default"
10:49:56.215 INFO  [restartedMain]o.s.b.d.env.DevToolsPropertyDefaultsPostProcessor - Devtools property defaults active! Set 'spring.devtools.add-properties' to 'false' to disable
10:49:56.215 INFO  [restartedMain]o.s.b.d.env.DevToolsPropertyDefaultsPostProcessor - For additional web related logging consider setting the 'logging.level.web' property to 'DEBUG'
10:49:57.585 INFO  [restartedMain]o.s.d.r.config.RepositoryConfigurationDelegate - Bootstrapping Spring Data JPA repositories in DEFAULT mode.
10:49:57.683 INFO  [restartedMain]o.s.d.r.config.RepositoryConfigurationDelegate - Finished Spring Data repository scanning in 81 ms. Found 1 JPA repository interface.
10:49:58.705 INFO  [restartedMain]o.s.boot.web.embedded.tomcat.TomcatWebServer - Tomcat initialized with port 8080 (http)
10:49:58.726 INFO  [restartedMain]org.apache.coyote.http11.Http11NioProtocol - Initializing ProtocolHandler ["http-nio-8080"]
10:49:58.729 INFO  [restartedMain]org.apache.catalina.core.StandardService - Starting service [Tomcat]
10:49:58.729 INFO  [restartedMain]org.apache.catalina.core.StandardEngine - Starting Servlet engine: [Apache Tomcat/10.1.54]
10:49:58.823 INFO  [restartedMain]o.a.c.core.ContainerBase.[Tomcat].[localhost].[/] - Initializing Spring embedded WebApplicationContext
10:49:58.824 INFO  [restartedMain]o.s.b.w.s.c.ServletWebServerApplicationContext - Root WebApplicationContext: initialization completed in 2608 ms
10:49:59.051 INFO  [restartedMain]com.zaxxer.hikari.HikariDataSource - HikariPool-1 - Starting...
10:49:59.330 INFO  [restartedMain]com.zaxxer.hikari.pool.HikariPool - HikariPool-1 - Added connection com.mysql.cj.jdbc.ConnectionImpl@13218ee7
10:49:59.332 INFO  [restartedMain]com.zaxxer.hikari.HikariDataSource - HikariPool-1 - Start completed.
10:49:59.403 INFO  [restartedMain]org.hibernate.jpa.internal.util.LogHelper - HHH000204: Processing PersistenceUnitInfo [name: default]
10:49:59.500 INFO  [restartedMain]org.hibernate.Version - HHH000412: Hibernate ORM core version 6.6.49.Final
10:49:59.566 INFO  [restartedMain]o.hibernate.cache.internal.RegionFactoryInitiator - HHH000026: Second-level cache disabled
10:50:00.085 INFO  [restartedMain]o.s.o.j.persistenceunit.SpringPersistenceUnitInfo - No LoadTimeWeaver setup: ignoring JPA class transformer
10:50:00.253 INFO  [restartedMain]org.hibernate.orm.connections.pooling - HHH10001005: Database info:
	Database JDBC URL [Connecting through datasource 'HikariDataSource (HikariPool-1)']
	Database driver: undefined/unknown
	Database version: 8.0.45
	Autocommit mode: undefined/unknown
	Isolation level: undefined/unknown
	Minimum pool size: undefined/unknown
	Maximum pool size: undefined/unknown
10:50:00.797 WARN  [restartedMain]org.hibernate.mapping.RootClass - HHH000038: Composite-id class does not override equals(): com.example.HellTrain.entity.Violation
10:50:00.797 WARN  [restartedMain]org.hibernate.mapping.RootClass - HHH000039: Composite-id class does not override hashCode(): com.example.HellTrain.entity.Violation
10:50:01.716 INFO  [restartedMain]o.h.e.t.jta.platform.internal.JtaPlatformInitiator - HHH000489: No JTA platform available (set 'hibernate.transaction.jta.platform' to enable JTA platform integration)
10:50:01.720 INFO  [restartedMain]o.s.orm.jpa.LocalContainerEntityManagerFactoryBean - Initialized JPA EntityManagerFactory for persistence unit 'default'
10:50:02.098 INFO  [restartedMain]o.s.data.jpa.repository.query.QueryEnhancerFactory - Hibernate is in classpath; If applicable, HQL parser will be used.
10:50:02.172 WARN  [restartedMain]o.s.b.a.o.j.JpaBaseConfiguration$JpaWebConfiguration - spring.jpa.open-in-view is enabled by default. Therefore, database queries may be performed during view rendering. Explicitly configure spring.jpa.open-in-view to disable this warning
10:50:02.682 INFO  [restartedMain]o.s.b.d.autoconfigure.OptionalLiveReloadServer - LiveReload server is running on port 35729
10:50:02.707 INFO  [restartedMain]org.apache.coyote.http11.Http11NioProtocol - Starting ProtocolHandler ["http-nio-8080"]
10:50:02.741 INFO  [restartedMain]o.s.boot.web.embedded.tomcat.TomcatWebServer - Tomcat started on port 8080 (http) with context path '/'
10:50:02.762 INFO  [restartedMain]com.example.HellTrain.HellTrainApplication - Started HellTrainApplication in 7.509 seconds (process running for 8.226)
10:57:34.886 INFO  [background-preinit]org.hibernate.validator.internal.util.Version - HV000001: Hibernate Validator 8.0.3.Final
10:57:34.976 INFO  [restartedMain]com.example.HellTrain.HellTrainApplication - Starting HellTrainApplication using Java 17.0.18 with PID 22576 (C:\java_projects\Our_Helltrain_backend\bin\main started by 佩霖 in C:\java_projects\Our_Helltrain_backend)
10:57:34.978 INFO  [restartedMain]com.example.HellTrain.HellTrainApplication - No active profile set, falling back to 1 default profile: "default"
10:57:35.057 INFO  [restartedMain]o.s.b.d.env.DevToolsPropertyDefaultsPostProcessor - Devtools property defaults active! Set 'spring.devtools.add-properties' to 'false' to disable
10:57:35.057 INFO  [restartedMain]o.s.b.d.env.DevToolsPropertyDefaultsPostProcessor - For additional web related logging consider setting the 'logging.level.web' property to 'DEBUG'
10:57:36.451 INFO  [restartedMain]o.s.d.r.config.RepositoryConfigurationDelegate - Bootstrapping Spring Data JPA repositories in DEFAULT mode.
10:57:36.565 INFO  [restartedMain]o.s.d.r.config.RepositoryConfigurationDelegate - Finished Spring Data repository scanning in 94 ms. Found 1 JPA repository interface.
10:57:37.637 INFO  [restartedMain]o.s.boot.web.embedded.tomcat.TomcatWebServer - Tomcat initialized with port 8080 (http)
10:57:37.666 INFO  [restartedMain]org.apache.coyote.http11.Http11NioProtocol - Initializing ProtocolHandler ["http-nio-8080"]
10:57:37.669 INFO  [restartedMain]org.apache.catalina.core.StandardService - Starting service [Tomcat]
10:57:37.670 INFO  [restartedMain]org.apache.catalina.core.StandardEngine - Starting Servlet engine: [Apache Tomcat/10.1.54]
10:57:37.776 INFO  [restartedMain]o.a.c.core.ContainerBase.[Tomcat].[localhost].[/] - Initializing Spring embedded WebApplicationContext
10:57:37.776 INFO  [restartedMain]o.s.b.w.s.c.ServletWebServerApplicationContext - Root WebApplicationContext: initialization completed in 2719 ms
10:57:38.039 INFO  [restartedMain]com.zaxxer.hikari.HikariDataSource - HikariPool-1 - Starting...
10:57:38.373 INFO  [restartedMain]com.zaxxer.hikari.pool.HikariPool - HikariPool-1 - Added connection com.mysql.cj.jdbc.ConnectionImpl@49b74e95
10:57:38.376 INFO  [restartedMain]com.zaxxer.hikari.HikariDataSource - HikariPool-1 - Start completed.
10:57:38.444 INFO  [restartedMain]org.hibernate.jpa.internal.util.LogHelper - HHH000204: Processing PersistenceUnitInfo [name: default]
10:57:38.547 INFO  [restartedMain]org.hibernate.Version - HHH000412: Hibernate ORM core version 6.6.49.Final
10:57:38.626 INFO  [restartedMain]o.hibernate.cache.internal.RegionFactoryInitiator - HHH000026: Second-level cache disabled
10:57:39.209 INFO  [restartedMain]o.s.o.j.persistenceunit.SpringPersistenceUnitInfo - No LoadTimeWeaver setup: ignoring JPA class transformer
10:57:39.423 INFO  [restartedMain]org.hibernate.orm.connections.pooling - HHH10001005: Database info:
	Database JDBC URL [Connecting through datasource 'HikariDataSource (HikariPool-1)']
	Database driver: undefined/unknown
	Database version: 8.0.45
	Autocommit mode: undefined/unknown
	Isolation level: undefined/unknown
	Minimum pool size: undefined/unknown
	Maximum pool size: undefined/unknown
10:57:39.979 WARN  [restartedMain]org.hibernate.mapping.RootClass - HHH000038: Composite-id class does not override equals(): com.example.HellTrain.entity.Violation
10:57:39.979 WARN  [restartedMain]org.hibernate.mapping.RootClass - HHH000039: Composite-id class does not override hashCode(): com.example.HellTrain.entity.Violation
10:57:40.963 INFO  [restartedMain]o.h.e.t.jta.platform.internal.JtaPlatformInitiator - HHH000489: No JTA platform available (set 'hibernate.transaction.jta.platform' to enable JTA platform integration)
10:57:40.967 INFO  [restartedMain]o.s.orm.jpa.LocalContainerEntityManagerFactoryBean - Initialized JPA EntityManagerFactory for persistence unit 'default'
10:57:41.353 INFO  [restartedMain]o.s.data.jpa.repository.query.QueryEnhancerFactory - Hibernate is in classpath; If applicable, HQL parser will be used.
10:57:41.435 WARN  [restartedMain]o.s.b.a.o.j.JpaBaseConfiguration$JpaWebConfiguration - spring.jpa.open-in-view is enabled by default. Therefore, database queries may be performed during view rendering. Explicitly configure spring.jpa.open-in-view to disable this warning
10:57:41.935 INFO  [restartedMain]o.s.b.d.autoconfigure.OptionalLiveReloadServer - LiveReload server is running on port 35729
10:57:41.958 INFO  [restartedMain]org.apache.coyote.http11.Http11NioProtocol - Starting ProtocolHandler ["http-nio-8080"]
10:57:41.986 INFO  [restartedMain]o.s.boot.web.embedded.tomcat.TomcatWebServer - Tomcat started on port 8080 (http) with context path '/'
10:57:42.001 INFO  [restartedMain]com.example.HellTrain.HellTrainApplication - Started HellTrainApplication in 7.993 seconds (process running for 8.867)
10:57:48.618 INFO  [http-nio-8080-exec-1]o.a.c.core.ContainerBase.[Tomcat].[localhost].[/] - Initializing Spring DispatcherServlet 'dispatcherServlet'
10:57:48.618 INFO  [http-nio-8080-exec-1]org.springframework.web.servlet.DispatcherServlet - Initializing Servlet 'dispatcherServlet'
10:57:48.621 INFO  [http-nio-8080-exec-1]org.springframework.web.servlet.DispatcherServlet - Completed initialization in 3 ms
11:10:43.431 INFO  [background-preinit]org.hibernate.validator.internal.util.Version - HV000001: Hibernate Validator 8.0.3.Final
11:10:43.536 INFO  [restartedMain]com.example.HellTrain.HellTrainApplication - Starting HellTrainApplication using Java 17.0.18 with PID 24072 (C:\java_projects\Our_Helltrain_backend\bin\main started by 佩霖 in C:\java_projects\Our_Helltrain_backend)
11:10:43.538 INFO  [restartedMain]com.example.HellTrain.HellTrainApplication - No active profile set, falling back to 1 default profile: "default"
11:10:43.617 INFO  [restartedMain]o.s.b.d.env.DevToolsPropertyDefaultsPostProcessor - Devtools property defaults active! Set 'spring.devtools.add-properties' to 'false' to disable
11:10:43.617 INFO  [restartedMain]o.s.b.d.env.DevToolsPropertyDefaultsPostProcessor - For additional web related logging consider setting the 'logging.level.web' property to 'DEBUG'
11:10:44.697 INFO  [restartedMain]o.s.d.r.config.RepositoryConfigurationDelegate - Bootstrapping Spring Data JPA repositories in DEFAULT mode.
11:10:44.793 INFO  [restartedMain]o.s.d.r.config.RepositoryConfigurationDelegate - Finished Spring Data repository scanning in 81 ms. Found 1 JPA repository interface.
11:10:45.827 INFO  [restartedMain]o.s.boot.web.embedded.tomcat.TomcatWebServer - Tomcat initialized with port 8080 (http)
11:10:45.848 INFO  [restartedMain]org.apache.coyote.http11.Http11NioProtocol - Initializing ProtocolHandler ["http-nio-8080"]
11:10:45.851 INFO  [restartedMain]org.apache.catalina.core.StandardService - Starting service [Tomcat]
11:10:45.852 INFO  [restartedMain]org.apache.catalina.core.StandardEngine - Starting Servlet engine: [Apache Tomcat/10.1.54]
11:10:45.955 INFO  [restartedMain]o.a.c.core.ContainerBase.[Tomcat].[localhost].[/] - Initializing Spring embedded WebApplicationContext
11:10:45.955 INFO  [restartedMain]o.s.b.w.s.c.ServletWebServerApplicationContext - Root WebApplicationContext: initialization completed in 2337 ms
11:10:46.176 INFO  [restartedMain]com.zaxxer.hikari.HikariDataSource - HikariPool-1 - Starting...
11:10:46.438 INFO  [restartedMain]com.zaxxer.hikari.pool.HikariPool - HikariPool-1 - Added connection com.mysql.cj.jdbc.ConnectionImpl@8894dc8
11:10:46.442 INFO  [restartedMain]com.zaxxer.hikari.HikariDataSource - HikariPool-1 - Start completed.
11:10:46.502 INFO  [restartedMain]org.hibernate.jpa.internal.util.LogHelper - HHH000204: Processing PersistenceUnitInfo [name: default]
11:10:46.586 INFO  [restartedMain]org.hibernate.Version - HHH000412: Hibernate ORM core version 6.6.49.Final
11:10:46.646 INFO  [restartedMain]o.hibernate.cache.internal.RegionFactoryInitiator - HHH000026: Second-level cache disabled
11:10:47.115 INFO  [restartedMain]o.s.o.j.persistenceunit.SpringPersistenceUnitInfo - No LoadTimeWeaver setup: ignoring JPA class transformer
11:10:47.276 INFO  [restartedMain]org.hibernate.orm.connections.pooling - HHH10001005: Database info:
	Database JDBC URL [Connecting through datasource 'HikariDataSource (HikariPool-1)']
	Database driver: undefined/unknown
	Database version: 8.0.45
	Autocommit mode: undefined/unknown
	Isolation level: undefined/unknown
	Minimum pool size: undefined/unknown
	Maximum pool size: undefined/unknown
11:10:47.788 WARN  [restartedMain]org.hibernate.mapping.RootClass - HHH000038: Composite-id class does not override equals(): com.example.HellTrain.entity.Violation
11:10:47.788 WARN  [restartedMain]org.hibernate.mapping.RootClass - HHH000039: Composite-id class does not override hashCode(): com.example.HellTrain.entity.Violation
11:10:48.728 INFO  [restartedMain]o.h.e.t.jta.platform.internal.JtaPlatformInitiator - HHH000489: No JTA platform available (set 'hibernate.transaction.jta.platform' to enable JTA platform integration)
11:10:48.732 INFO  [restartedMain]o.s.orm.jpa.LocalContainerEntityManagerFactoryBean - Initialized JPA EntityManagerFactory for persistence unit 'default'
11:10:49.089 INFO  [restartedMain]o.s.data.jpa.repository.query.QueryEnhancerFactory - Hibernate is in classpath; If applicable, HQL parser will be used.
11:10:49.165 WARN  [restartedMain]o.s.b.a.o.j.JpaBaseConfiguration$JpaWebConfiguration - spring.jpa.open-in-view is enabled by default. Therefore, database queries may be performed during view rendering. Explicitly configure spring.jpa.open-in-view to disable this warning
11:10:49.678 INFO  [restartedMain]o.s.b.d.autoconfigure.OptionalLiveReloadServer - LiveReload server is running on port 35729
11:10:49.699 INFO  [restartedMain]org.apache.coyote.http11.Http11NioProtocol - Starting ProtocolHandler ["http-nio-8080"]
11:10:49.727 INFO  [restartedMain]o.s.boot.web.embedded.tomcat.TomcatWebServer - Tomcat started on port 8080 (http) with context path '/'
11:10:49.746 INFO  [restartedMain]com.example.HellTrain.HellTrainApplication - Started HellTrainApplication in 7.113 seconds (process running for 7.922)
11:11:41.054 INFO  [http-nio-8080-exec-1]o.a.c.core.ContainerBase.[Tomcat].[localhost].[/] - Initializing Spring DispatcherServlet 'dispatcherServlet'
11:11:41.055 INFO  [http-nio-8080-exec-1]org.springframework.web.servlet.DispatcherServlet - Initializing Servlet 'dispatcherServlet'
11:11:41.057 INFO  [http-nio-8080-exec-1]org.springframework.web.servlet.DispatcherServlet - Completed initialization in 1 ms
11:12:00.735 INFO  [File Watcher]o.s.b.d.a.LocalDevToolsAutoConfiguration$RestartingClassPathChangeChangedEventListener - Restarting due to 1 class path change (0 additions, 0 deletions, 1 modification)
11:12:00.739 INFO  [Thread-5]o.s.boot.web.embedded.tomcat.GracefulShutdown - Commencing graceful shutdown. Waiting for active requests to complete
11:12:00.741 INFO  [tomcat-shutdown]org.apache.coyote.http11.Http11NioProtocol - Pausing ProtocolHandler ["http-nio-8080"]
11:12:01.003 INFO  [tomcat-shutdown]o.s.boot.web.embedded.tomcat.GracefulShutdown - Graceful shutdown complete
11:12:01.004 INFO  [Thread-5]org.apache.coyote.http11.Http11NioProtocol - Stopping ProtocolHandler ["http-nio-8080"]
11:12:01.008 INFO  [Thread-5]o.s.orm.jpa.LocalContainerEntityManagerFactoryBean - Closing JPA EntityManagerFactory for persistence unit 'default'
11:12:01.013 INFO  [Thread-5]com.zaxxer.hikari.HikariDataSource - HikariPool-1 - Shutdown initiated...
11:12:01.024 INFO  [Thread-5]com.zaxxer.hikari.HikariDataSource - HikariPool-1 - Shutdown completed.
11:12:01.156 INFO  [restartedMain]com.example.HellTrain.HellTrainApplication - Starting HellTrainApplication using Java 17.0.18 with PID 24072 (C:\java_projects\Our_Helltrain_backend\bin\main started by 佩霖 in C:\java_projects\Our_Helltrain_backend)
11:12:01.156 INFO  [restartedMain]com.example.HellTrain.HellTrainApplication - No active profile set, falling back to 1 default profile: "default"
11:12:01.479 INFO  [restartedMain]o.s.d.r.config.RepositoryConfigurationDelegate - Bootstrapping Spring Data JPA repositories in DEFAULT mode.
11:12:01.497 INFO  [restartedMain]o.s.d.r.config.RepositoryConfigurationDelegate - Finished Spring Data repository scanning in 15 ms. Found 1 JPA repository interface.
11:12:01.614 INFO  [restartedMain]o.s.boot.web.embedded.tomcat.TomcatWebServer - Tomcat initialized with port 8080 (http)
11:12:01.615 INFO  [restartedMain]org.apache.coyote.http11.Http11NioProtocol - Initializing ProtocolHandler ["http-nio-8080"]
11:12:01.617 INFO  [restartedMain]org.apache.catalina.core.StandardService - Starting service [Tomcat]
11:12:01.617 INFO  [restartedMain]org.apache.catalina.core.StandardEngine - Starting Servlet engine: [Apache Tomcat/10.1.54]
11:12:01.652 INFO  [restartedMain]o.a.c.core.ContainerBase.[Tomcat].[localhost].[/] - Initializing Spring embedded WebApplicationContext
11:12:01.652 INFO  [restartedMain]o.s.b.w.s.c.ServletWebServerApplicationContext - Root WebApplicationContext: initialization completed in 492 ms
11:12:01.698 INFO  [restartedMain]com.zaxxer.hikari.HikariDataSource - HikariPool-2 - Starting...
11:12:01.705 INFO  [restartedMain]com.zaxxer.hikari.pool.HikariPool - HikariPool-2 - Added connection com.mysql.cj.jdbc.ConnectionImpl@530cd686
11:12:01.706 INFO  [restartedMain]com.zaxxer.hikari.HikariDataSource - HikariPool-2 - Start completed.
11:12:01.708 INFO  [restartedMain]org.hibernate.jpa.internal.util.LogHelper - HHH000204: Processing PersistenceUnitInfo [name: default]
11:12:01.713 INFO  [restartedMain]o.hibernate.cache.internal.RegionFactoryInitiator - HHH000026: Second-level cache disabled
11:12:01.730 INFO  [restartedMain]o.s.o.j.persistenceunit.SpringPersistenceUnitInfo - No LoadTimeWeaver setup: ignoring JPA class transformer
11:12:01.733 INFO  [restartedMain]org.hibernate.orm.connections.pooling - HHH10001005: Database info:
	Database JDBC URL [Connecting through datasource 'HikariDataSource (HikariPool-2)']
	Database driver: undefined/unknown
	Database version: 8.0.45
	Autocommit mode: undefined/unknown
	Isolation level: undefined/unknown
	Minimum pool size: undefined/unknown
	Maximum pool size: undefined/unknown
11:12:01.825 WARN  [restartedMain]org.hibernate.mapping.RootClass - HHH000038: Composite-id class does not override equals(): com.example.HellTrain.entity.Violation
11:12:01.826 WARN  [restartedMain]org.hibernate.mapping.RootClass - HHH000039: Composite-id class does not override hashCode(): com.example.HellTrain.entity.Violation
11:12:01.975 INFO  [restartedMain]o.h.e.t.jta.platform.internal.JtaPlatformInitiator - HHH000489: No JTA platform available (set 'hibernate.transaction.jta.platform' to enable JTA platform integration)
11:12:01.975 INFO  [restartedMain]o.s.orm.jpa.LocalContainerEntityManagerFactoryBean - Initialized JPA EntityManagerFactory for persistence unit 'default'
11:12:02.060 WARN  [restartedMain]o.s.b.a.o.j.JpaBaseConfiguration$JpaWebConfiguration - spring.jpa.open-in-view is enabled by default. Therefore, database queries may be performed during view rendering. Explicitly configure spring.jpa.open-in-view to disable this warning
11:12:02.161 INFO  [restartedMain]o.s.b.d.autoconfigure.OptionalLiveReloadServer - LiveReload server is running on port 35729
11:12:02.167 INFO  [restartedMain]org.apache.coyote.http11.Http11NioProtocol - Starting ProtocolHandler ["http-nio-8080"]
11:12:02.173 INFO  [restartedMain]o.s.boot.web.embedded.tomcat.TomcatWebServer - Tomcat started on port 8080 (http) with context path '/'
11:12:02.178 INFO  [restartedMain]com.example.HellTrain.HellTrainApplication - Started HellTrainApplication in 1.074 seconds (process running for 80.354)
11:12:02.181 INFO  [restartedMain]o.s.b.d.a.ConditionEvaluationDeltaLoggingListener - Condition evaluation unchanged
11:12:07.714 INFO  [http-nio-8080-exec-2]o.a.c.core.ContainerBase.[Tomcat].[localhost].[/] - Initializing Spring DispatcherServlet 'dispatcherServlet'
11:12:07.714 INFO  [http-nio-8080-exec-2]org.springframework.web.servlet.DispatcherServlet - Initializing Servlet 'dispatcherServlet'
11:12:07.715 INFO  [http-nio-8080-exec-2]org.springframework.web.servlet.DispatcherServlet - Completed initialization in 0 ms
